"../../../LD35Warmup/Content/StarterContent/Audio/Fire01.uasset" 0
"../../../LD35Warmup/Content/StarterContent/Audio/Fire01_Cue.uasset" 1
"../../../LD35Warmup/Content/StarterContent/Textures/T_Fire_SubUV.uasset" 2
"../../../LD35Warmup/Content/StarterContent/Textures/T_Fire_Tiled_D.uasset" 3
"../../../LD35Warmup/Content/StarterContent/Particles/Materials/M_Fire_SubUV.uasset" 4
"../../../LD35Warmup/Content/StarterContent/Textures/T_Water_N.uasset" 5
"../../../LD35Warmup/Content/StarterContent/Particles/Materials/M_Heat_Distortion.uasset" 6
"../../../Engine/Content/Functions/Engine_MaterialFunctions01/Gradient/RadialGradient.uasset" 7
"../../../LD35Warmup/Content/StarterContent/Particles/Materials/M_Radial_Gradient.uasset" 8
"../../../LD35Warmup/Content/StarterContent/Textures/T_Smoke_SubUV.uasset" 9
"../../../LD35Warmup/Content/StarterContent/Textures/T_Smoke_Tiled_D.uasset" 10
"../../../LD35Warmup/Content/StarterContent/Particles/Materials/M_smoke_subUV.uasset" 11
"../../../LD35Warmup/Content/StarterContent/Particles/P_Fire.uasset" 12
"../../../LD35Warmup/Content/StarterContent/Blueprints/Blueprint_Effect_Fire.uasset" 13
"../../../LD35Warmup/Content/StarterContent/Audio/Smoke01.uasset" 14
"../../../LD35Warmup/Content/StarterContent/Audio/Smoke01_Cue.uasset" 15
"../../../LD35Warmup/Content/StarterContent/Particles/P_Smoke.uasset" 16
"../../../LD35Warmup/Content/StarterContent/Blueprints/Blueprint_Effect_Smoke.uasset" 17
"../../../LD35Warmup/Content/StarterContent/Audio/Fire_Sparks01.uasset" 18
"../../../LD35Warmup/Content/StarterContent/Audio/Fire_Sparks01_Cue.uasset" 19
"../../../LD35Warmup/Content/StarterContent/Textures/T_Spark_Core.uasset" 20
"../../../LD35Warmup/Content/StarterContent/Particles/Materials/M_Spark.uasset" 21
"../../../LD35Warmup/Content/StarterContent/Particles/P_Sparks.uasset" 22
"../../../LD35Warmup/Content/StarterContent/Blueprints/Blueprint_Effect_Sparks.uasset" 23
"../../../LD35Warmup/Content/StarterContent/Audio/Steam01.uasset" 24
"../../../LD35Warmup/Content/StarterContent/Audio/Steam01_Cue.uasset" 25
"../../../LD35Warmup/Content/StarterContent/Particles/P_Steam_Lit.uasset" 26
"../../../LD35Warmup/Content/StarterContent/Blueprints/Blueprint_Effect_Steam.uasset" 27
"../../../Engine/Content/EditorBlueprintResources/StandardMacros.uasset" 28
"../../../Engine/Content/EngineSky/C_Sky_Cloud_Color.uasset" 29
"../../../Engine/Content/EngineSky/C_Sky_Horizon_Color.uasset" 30
"../../../Engine/Content/EngineSky/C_Sky_Zenith_Color.uasset" 31
"../../../Engine/Content/EngineSky/T_Sky_Blue.uasset" 32
"../../../Engine/Content/EngineSky/T_Sky_Clouds_M.uasset" 33
"../../../Engine/Content/EngineSky/T_Sky_Stars.uasset" 34
"../../../Engine/Content/EngineSky/SM_SkySphere.uasset" 35
"../../../Engine/Content/EngineSky/M_Sky_Panning_Clouds2.uasset" 36
"../../../Engine/Content/EngineSky/BP_Sky_Sphere.uasset" 37
"../../../LD35Warmup/Content/StarterContent/Textures/T_Lamp_M.uasset" 38
"../../../LD35Warmup/Content/StarterContent/Textures/T_Lamp_N.uasset" 39
"../../../LD35Warmup/Content/StarterContent/Props/Materials/M_Lamp.uasset" 40
"../../../LD35Warmup/Content/StarterContent/Props/SM_Lamp_Ceiling.uasset" 41
"../../../LD35Warmup/Content/StarterContent/Blueprints/Blueprint_CeilingLight.uasset" 42
"../../../LD35Warmup/Content/StarterContent/Props/SM_Lamp_Wall.uasset" 43
"../../../LD35Warmup/Content/StarterContent/Blueprints/Blueprint_WallSconce.uasset" 44
"../../../Engine/Content/EngineFonts/RobotoDistanceField.uasset" 45
"../../../Engine/Content/Functions/Engine_MaterialFunctions03/Procedurals/ComputeFilterWidth.uasset" 46
"../../../Engine/Content/EngineMaterials/AntiAliasedTextMaterialTranslucent.uasset" 47
"../../../Engine/Content/Functions/Engine_MaterialFunctions01/Opacity/CameraDepthFade.uasset" 48
"../../../Engine/Content/EngineMaterials/T_Default_Material_Grid_M.uasset" 49
"../../../Engine/Content/EngineMaterials/T_Default_Material_Grid_N.uasset" 50
"../../../Engine/Content/EngineMaterials/WorldGridMaterial.uasset" 51
"../../../LD35Warmup/Content/StarterContent/Textures/T_Brick_Clay_Beveled_D.uasset" 52
"../../../LD35Warmup/Content/StarterContent/Textures/T_Brick_Clay_Beveled_M.uasset" 53
"../../../LD35Warmup/Content/StarterContent/Textures/T_Brick_Clay_Beveled_N.uasset" 54
"../../../LD35Warmup/Content/StarterContent/Textures/T_MacroVariation.uasset" 55
"../../../LD35Warmup/Content/StarterContent/Materials/M_Brick_Clay_Beveled.uasset" 56
"../../../LD35Warmup/Content/StarterContent/Textures/T_Brick_Clay_New_D.uasset" 57
"../../../LD35Warmup/Content/StarterContent/Textures/T_Brick_Clay_New_M.uasset" 58
"../../../LD35Warmup/Content/StarterContent/Textures/T_Brick_Clay_New_N.uasset" 59
"../../../LD35Warmup/Content/StarterContent/Textures/T_Detail_Rocky_N.uasset" 60
"../../../LD35Warmup/Content/StarterContent/Materials/M_Brick_Clay_New.uasset" 61
"../../../LD35Warmup/Content/StarterContent/Textures/T_Brick_Clay_Old_D.uasset" 62
"../../../LD35Warmup/Content/StarterContent/Textures/T_Brick_Clay_Old_N.uasset" 63
"../../../LD35Warmup/Content/StarterContent/Textures/T_Perlin_Noise_M.uasset" 64
"../../../LD35Warmup/Content/StarterContent/Materials/M_Brick_Clay_Old.uasset" 65
"../../../LD35Warmup/Content/StarterContent/Textures/T_Brick_Cut_Stone_D.uasset" 66
"../../../LD35Warmup/Content/StarterContent/Textures/T_Brick_Cut_Stone_N.uasset" 67
"../../../LD35Warmup/Content/StarterContent/Materials/M_Brick_Cut_Stone.uasset" 68
"../../../LD35Warmup/Content/StarterContent/Textures/T_Brick_Hewn_Stone_D.uasset" 69
"../../../LD35Warmup/Content/StarterContent/Textures/T_Brick_Hewn_Stone_M.uasset" 70
"../../../LD35Warmup/Content/StarterContent/Textures/T_Brick_Hewn_Stone_N.uasset" 71
"../../../LD35Warmup/Content/StarterContent/Materials/M_Brick_Hewn_Stone.uasset" 72
"../../../LD35Warmup/Content/StarterContent/Textures/T_Ceramic_Tile_M.uasset" 73
"../../../LD35Warmup/Content/StarterContent/Textures/T_Ceramic_Tile_N.uasset" 74
"../../../LD35Warmup/Content/StarterContent/Textures/T_Rock_Marble_Polished_D.uasset" 75
"../../../LD35Warmup/Content/StarterContent/Materials/M_Ceramic_Tile_Checker.uasset" 76
"../../../LD35Warmup/Content/StarterContent/Textures/T_CobbleStone_Pebble_D.uasset" 77
"../../../LD35Warmup/Content/StarterContent/Textures/T_CobbleStone_Pebble_M.uasset" 78
"../../../LD35Warmup/Content/StarterContent/Textures/T_CobbleStone_Pebble_N.uasset" 79
"../../../LD35Warmup/Content/StarterContent/Materials/M_CobbleStone_Pebble.uasset" 80
"../../../LD35Warmup/Content/StarterContent/Textures/T_CobbleStone_Rough_D.uasset" 81
"../../../LD35Warmup/Content/StarterContent/Textures/T_CobbleStone_Rough_N.uasset" 82
"../../../LD35Warmup/Content/StarterContent/Textures/T_Gradinet_01.uasset" 83
"../../../LD35Warmup/Content/StarterContent/Textures/T_Rock_Smooth_Granite_D.uasset" 84
"../../../LD35Warmup/Content/StarterContent/Materials/M_CobbleStone_Rough.uasset" 85
"../../../LD35Warmup/Content/StarterContent/Textures/T_CobbleStone_Smooth_D.uasset" 86
"../../../LD35Warmup/Content/StarterContent/Textures/T_CobbleStone_Smooth_M.uasset" 87
"../../../LD35Warmup/Content/StarterContent/Textures/T_CobbleStone_Smooth_N.uasset" 88
"../../../LD35Warmup/Content/StarterContent/Materials/M_CobbleStone_Smooth.uasset" 89
"../../../LD35Warmup/Content/StarterContent/Textures/T_Concrete_Grime_D.uasset" 90
"../../../LD35Warmup/Content/StarterContent/Textures/T_Metal_Rust_N.uasset" 91
"../../../LD35Warmup/Content/StarterContent/Materials/M_Concrete_Grime.uasset" 92
"../../../LD35Warmup/Content/StarterContent/Textures/T_Concrete_Panels_D.uasset" 93
"../../../LD35Warmup/Content/StarterContent/Textures/T_Concrete_Panels_N.uasset" 94
"../../../LD35Warmup/Content/StarterContent/Materials/M_Concrete_Panels.uasset" 95
"../../../LD35Warmup/Content/StarterContent/Textures/T_Concrete_Poured_D.uasset" 96
"../../../LD35Warmup/Content/StarterContent/Textures/T_Concrete_Poured_N.uasset" 97
"../../../LD35Warmup/Content/StarterContent/Materials/M_Concrete_Poured.uasset" 98
"../../../LD35Warmup/Content/StarterContent/Textures/T_Concrete_Tiles_D.uasset" 99
"../../../LD35Warmup/Content/StarterContent/Textures/T_Concrete_Tiles_M.uasset" 100
"../../../LD35Warmup/Content/StarterContent/Textures/T_Concrete_Tiles_N.uasset" 101
"../../../LD35Warmup/Content/StarterContent/Textures/T_Concrete_Tiles_Variation_M.uasset" 102
"../../../LD35Warmup/Content/StarterContent/Materials/M_Concrete_Tiles.uasset" 103
"../../../LD35Warmup/Content/StarterContent/Textures/T_Ground_Grass_D.uasset" 104
"../../../LD35Warmup/Content/StarterContent/Textures/T_Ground_Grass_N.uasset" 105
"../../../LD35Warmup/Content/StarterContent/Materials/M_Ground_Grass.uasset" 106
"../../../LD35Warmup/Content/StarterContent/Textures/T_Ground_Gravel_D.uasset" 107
"../../../LD35Warmup/Content/StarterContent/Textures/T_Ground_Gravel_N.uasset" 108
"../../../LD35Warmup/Content/StarterContent/Materials/M_Ground_Gravel.uasset" 109
"../../../LD35Warmup/Content/StarterContent/Textures/T_ground_Moss_D.uasset" 110
"../../../LD35Warmup/Content/StarterContent/Textures/T_Ground_Moss_N.uasset" 111
"../../../LD35Warmup/Content/StarterContent/Materials/M_Ground_Moss.uasset" 112
"../../../LD35Warmup/Content/StarterContent/Materials/M_Metal_Brushed_Nickel.uasset" 113
"../../../LD35Warmup/Content/StarterContent/Textures/T_Metal_Aluminum_D.uasset" 114
"../../../LD35Warmup/Content/StarterContent/Textures/T_Metal_Gold_N.uasset" 115
"../../../LD35Warmup/Content/StarterContent/Materials/M_Metal_Burnished_Steel.uasset" 116
"../../../LD35Warmup/Content/StarterContent/Materials/M_Metal_Chrome.uasset" 117
"../../../LD35Warmup/Content/StarterContent/Textures/T_Metal_Copper_D.uasset" 118
"../../../LD35Warmup/Content/StarterContent/Materials/M_Metal_Copper.uasset" 119
"../../../LD35Warmup/Content/StarterContent/Textures/T_Metal_Gold_D.uasset" 120
"../../../LD35Warmup/Content/StarterContent/Materials/M_Metal_Gold.uasset" 121
"../../../Engine/Content/Functions/Engine_MaterialFunctions02/Utility/BlendAngleCorrectedNormals.uasset" 122
"../../../LD35Warmup/Content/StarterContent/Textures/T_Metal_Rust_D.uasset" 123
"../../../LD35Warmup/Content/StarterContent/Materials/M_Metal_Rust.uasset" 124
"../../../LD35Warmup/Content/StarterContent/Textures/T_Metal_Steel_D.uasset" 125
"../../../LD35Warmup/Content/StarterContent/Textures/T_Metal_Steel_N.uasset" 126
"../../../LD35Warmup/Content/StarterContent/Materials/M_Metal_Steel.uasset" 127
"../../../LD35Warmup/Content/StarterContent/Textures/T_Rock_Basalt_D.uasset" 128
"../../../LD35Warmup/Content/StarterContent/Textures/T_Rock_Basalt_N.uasset" 129
"../../../LD35Warmup/Content/StarterContent/Materials/M_Rock_Basalt.uasset" 130
"../../../LD35Warmup/Content/StarterContent/Materials/M_Rock_Marble_Polished.uasset" 131
"../../../LD35Warmup/Content/StarterContent/Textures/T_Rock_Sandstone_D.uasset" 132
"../../../LD35Warmup/Content/StarterContent/Textures/T_Rock_Sandstone_N.uasset" 133
"../../../LD35Warmup/Content/StarterContent/Materials/M_Rock_Sandstone.uasset" 134
"../../../LD35Warmup/Content/StarterContent/Textures/T_Rock_Slate_D.uasset" 135
"../../../LD35Warmup/Content/StarterContent/Textures/T_Rock_Slate_N.uasset" 136
"../../../LD35Warmup/Content/StarterContent/Materials/M_Rock_Slate.uasset" 137
"../../../LD35Warmup/Content/StarterContent/Textures/T_Checker_Noise_M.uasset" 138
"../../../LD35Warmup/Content/StarterContent/Textures/T_Single_Tile_N.uasset" 139
"../../../LD35Warmup/Content/StarterContent/Textures/T_Tech_Dot_M.uasset" 140
"../../../LD35Warmup/Content/StarterContent/Textures/T_Tech_Dot_N.uasset" 141
"../../../LD35Warmup/Content/StarterContent/Materials/M_Tech_Checker_Dot.uasset" 142
"../../../LD35Warmup/Content/StarterContent/Textures/T_Tech_Hex_Tile_M.uasset" 143
"../../../LD35Warmup/Content/StarterContent/Textures/T_Tech_Hex_Tile_N.uasset" 144
"../../../LD35Warmup/Content/StarterContent/Materials/M_Tech_Hex_Tile.uasset" 145
"../../../LD35Warmup/Content/StarterContent/Materials/M_Tech_Hex_Tile_Pulse.uasset" 146
"../../../LD35Warmup/Content/StarterContent/Textures/T_Tech_Panel_M.uasset" 147
"../../../LD35Warmup/Content/StarterContent/Textures/T_Tech_Panel_N.uasset" 148
"../../../LD35Warmup/Content/StarterContent/Materials/M_Tech_Panel.uasset" 149
"../../../LD35Warmup/Content/StarterContent/Materials/M_Water_Lake.uasset" 150
"../../../LD35Warmup/Content/StarterContent/Textures/T_Water_M.uasset" 151
"../../../LD35Warmup/Content/StarterContent/Materials/M_Water_Ocean.uasset" 152
"../../../LD35Warmup/Content/StarterContent/Textures/T_Wood_Floor_Walnut_D.uasset" 153
"../../../LD35Warmup/Content/StarterContent/Textures/T_Wood_Floor_Walnut_M.uasset" 154
"../../../LD35Warmup/Content/StarterContent/Textures/T_Wood_Floor_Walnut_N.uasset" 155
"../../../LD35Warmup/Content/StarterContent/Materials/M_Wood_Floor_Walnut_Polished.uasset" 156
"../../../Engine/Content/Functions/Engine_MaterialFunctions01/Opacity/AlphaOffset.uasset" 157
"../../../LD35Warmup/Content/StarterContent/Materials/M_Wood_Floor_Walnut_Worn.uasset" 158
"../../../LD35Warmup/Content/StarterContent/Textures/T_Wood_Oak_D.uasset" 159
"../../../LD35Warmup/Content/StarterContent/Textures/T_Wood_Oak_N.uasset" 160
"../../../LD35Warmup/Content/StarterContent/Materials/M_Wood_Oak.uasset" 161
"../../../LD35Warmup/Content/StarterContent/Textures/T_Wood_Pine_D.uasset" 162
"../../../LD35Warmup/Content/StarterContent/Textures/T_Wood_Pine_N.uasset" 163
"../../../LD35Warmup/Content/StarterContent/Materials/M_Wood_Pine.uasset" 164
"../../../LD35Warmup/Content/StarterContent/Textures/T_Wood_Walnut_D.uasset" 165
"../../../LD35Warmup/Content/StarterContent/Textures/T_Wood_Walnut_N.uasset" 166
"../../../LD35Warmup/Content/StarterContent/Materials/M_Wood_Walnut.uasset" 167
"../../../LD35Warmup/Content/StarterContent/Textures/T_Chair_M.uasset" 168
"../../../LD35Warmup/Content/StarterContent/Textures/T_Chair_N.uasset" 169
"../../../LD35Warmup/Content/StarterContent/Props/Materials/M_Chair.uasset" 170
"../../../LD35Warmup/Content/StarterContent/Materials/M_Basic_Floor.uasset" 171
"../../../LD35Warmup/Content/StarterContent/Architecture/Floor_400x400.uasset" 172
"../../../LD35Warmup/Content/StarterContent/Materials/M_Basic_Wall.uasset" 173
"../../../LD35Warmup/Content/StarterContent/Architecture/Wall_400x200.uasset" 174
"../../../LD35Warmup/Content/StarterContent/Architecture/Wall_Door_400x300.uasset" 175
"../../../LD35Warmup/Content/StarterContent/Architecture/Wall_Window_400x300.uasset" 176
"../../../LD35Warmup/Content/StarterContent/Audio/Collapse01.uasset" 177
"../../../LD35Warmup/Content/StarterContent/Audio/Collapse02.uasset" 178
"../../../LD35Warmup/Content/StarterContent/Audio/Collapse_Cue.uasset" 179
"../../../LD35Warmup/Content/StarterContent/Audio/Starter_Birds01.uasset" 180
"../../../LD35Warmup/Content/StarterContent/Audio/Starter_Wind05.uasset" 181
"../../../LD35Warmup/Content/StarterContent/Audio/Starter_Wind06.uasset" 182
"../../../LD35Warmup/Content/StarterContent/Audio/Starter_Background_Cue.uasset" 183
"../../../LD35Warmup/Content/StarterContent/Audio/Starter_Music01.uasset" 184
"../../../LD35Warmup/Content/StarterContent/Audio/Starter_Music_Cue.uasset" 185
"../../../LD35Warmup/Content/StarterContent/Textures/T_Dust_Particle_D.uasset" 186
"../../../LD35Warmup/Content/StarterContent/Particles/Materials/M_Dust_Particle.uasset" 187
"../../../LD35Warmup/Content/StarterContent/Particles/P_Ambient_Dust.uasset" 188
"../../../LD35Warmup/Content/StarterContent/Props/MaterialSphere.uasset" 189
"../../../LD35Warmup/Content/StarterContent/Props/SM_Chair.uasset" 190
"../../../LD35Warmup/Content/StarterContent/Textures/T_Frame_M.uasset" 191
"../../../LD35Warmup/Content/StarterContent/Textures/T_Frame_N.uasset" 192
"../../../LD35Warmup/Content/StarterContent/Props/Materials/M_Frame.uasset" 193
"../../../LD35Warmup/Content/StarterContent/Props/SM_CornerFrame.uasset" 194
"../../../LD35Warmup/Content/StarterContent/Props/SM_DoorFrame.uasset" 195
"../../../LD35Warmup/Content/StarterContent/Materials/M_Glass.uasset" 196
"../../../LD35Warmup/Content/StarterContent/Props/SM_GlassWindow.uasset" 197
"../../../LD35Warmup/Content/StarterContent/Props/SM_PillarFrame.uasset" 198
"../../../LD35Warmup/Content/StarterContent/Props/SM_PillarFrame300.uasset" 199
"../../../LD35Warmup/Content/StarterContent/Textures/T_Statue_M.uasset" 200
"../../../LD35Warmup/Content/StarterContent/Textures/T_Statue_N.uasset" 201
"../../../LD35Warmup/Content/StarterContent/Props/Materials/M_Statue.uasset" 202
"../../../LD35Warmup/Content/StarterContent/Props/Materials/M_StatueGlass.uasset" 203
"../../../LD35Warmup/Content/StarterContent/Props/SM_Statue.uasset" 204
"../../../LD35Warmup/Content/StarterContent/Textures/T_TableRound_M.uasset" 205
"../../../LD35Warmup/Content/StarterContent/Textures/T_TableRound_N.uasset" 206
"../../../LD35Warmup/Content/StarterContent/Props/Materials/M_TableRound.uasset" 207
"../../../LD35Warmup/Content/StarterContent/Props/SM_TableRound.uasset" 208
"../../../LD35Warmup/Content/StarterContent/Props/SM_WindowFrame.uasset" 209
"../../../LD35Warmup/Content/StarterContent/Shapes/Shape_Cube.uasset" 210
"../../../LD35Warmup/Content/StarterContent/Shapes/Shape_QuadPyramid.uasset" 211
"../../../LD35Warmup/Content/StarterContent/Shapes/Shape_Sphere.uasset" 212
"../../../LD35Warmup/Content/StarterContent/Maps/StarterMap.umap" 213
"../../../Engine/Content/EditorMaterials/Cascade/CASC_Cross.uasset" 214
"../../../Engine/Content/EditorMaterials/Cascade/CASC_None.uasset" 215
"../../../Engine/Content/Functions/Engine_MaterialFunctions03/Blends/Blend_Overlay.uasset" 216
"../../../LD35Warmup/Content/GTFreeMaterials/Textures/brick_ancientDiagonal/brick_ancientDiagonal_2k_alb.uasset" 217
"../../../LD35Warmup/Content/GTFreeMaterials/Textures/brick_ancientDiagonal/brick_ancientDiagonal_2k_n.uasset" 218
"../../../LD35Warmup/Content/GTFreeMaterials/Textures/Concrete_Square/Concrete_Square_2k_h.uasset" 219
"../../../LD35Warmup/Content/GTFreeMaterials/Textures/T_MacroVariation2.uasset" 220
"../../../LD35Warmup/Content/GTFreeMaterials/Materials/brick_ancientDiagonal.uasset" 221
"../../../LD35Warmup/Content/GTFreeMaterials/Textures/Brick_BathStone/Brick_BathStone_2k_alb.uasset" 222
"../../../LD35Warmup/Content/GTFreeMaterials/Textures/Brick_BathStone/Brick_BathStone_2k_ao.uasset" 223
"../../../LD35Warmup/Content/GTFreeMaterials/Textures/Brick_BathStone/Brick_BathStone_2k_n.uasset" 224
"../../../LD35Warmup/Content/GTFreeMaterials/Materials/Brick_BathStone.uasset" 225
"../../../LD35Warmup/Content/GTFreeMaterials/Textures/Brick_GuiBigCastleWall/Brick_GuiBigCastleWall_2k_alb.uasset" 226
"../../../LD35Warmup/Content/GTFreeMaterials/Textures/Brick_GuiBigCastleWall/Brick_GuiBigCastleWall_2k_h.uasset" 227
"../../../LD35Warmup/Content/GTFreeMaterials/Textures/Brick_GuiBigCastleWall/Brick_GuiBigCastleWall_2k_n.uasset" 228
"../../../LD35Warmup/Content/GTFreeMaterials/Textures/Brick_GuiBigCastleWall/Brick_GuiBigCastleWall_2k_s.uasset" 229
"../../../LD35Warmup/Content/GTFreeMaterials/Materials/Brick_GuiBigCastleWall.uasset" 230
"../../../LD35Warmup/Content/GTFreeMaterials/Textures/brick_guiGen/brick_guiGen_2k_d.uasset" 231
"../../../LD35Warmup/Content/GTFreeMaterials/Textures/brick_guiGen/brick_guiGen_2k_n.uasset" 232
"../../../LD35Warmup/Content/GTFreeMaterials/Textures/brick_guiGen/brick_guiGen_2k_s.uasset" 233
"../../../LD35Warmup/Content/GTFreeMaterials/Materials/brick_guiGen.uasset" 234
"../../../LD35Warmup/Content/GTFreeMaterials/Textures/Ground_Dirt/Ground_Dirt_2k_alb.uasset" 235
"../../../LD35Warmup/Content/GTFreeMaterials/Textures/Ground_Dirt/Ground_Dirt_2k_n.uasset" 236
"../../../LD35Warmup/Content/GTFreeMaterials/Textures/Ground_Dirt/Ground_Dirt_2k_s.uasset" 237
"../../../LD35Warmup/Content/GTFreeMaterials/Materials/Ground_Dirt.uasset" 238
"../../../LD35Warmup/Content/GTFreeMaterials/Textures/Ground_DirtBrownTan/Ground_DirtBrownTan_2k_alb.uasset" 239
"../../../LD35Warmup/Content/GTFreeMaterials/Textures/Ground_DirtBrownTan/Ground_DirtBrownTan_2k_g.uasset" 240
"../../../LD35Warmup/Content/GTFreeMaterials/Textures/Ground_DirtBrownTan/Ground_DirtBrownTan_2k_n.uasset" 241
"../../../LD35Warmup/Content/GTFreeMaterials/Materials/Ground_DirtBrownTan.uasset" 242
"../../../LD35Warmup/Content/GTFreeMaterials/Textures/Ground_GrassThickGreen/Ground_GrassThickGreen_2k_alb.uasset" 243
"../../../LD35Warmup/Content/GTFreeMaterials/Textures/Ground_GrassThickGreen/Ground_GrassThickGreen_2k_g.uasset" 244
"../../../LD35Warmup/Content/GTFreeMaterials/Textures/Ground_GrassThickGreen/Ground_GrassThickGreen_2k_h1.uasset" 245
"../../../LD35Warmup/Content/GTFreeMaterials/Textures/Ground_GrassThickGreen/Ground_GrassThickGreen_2k_n.uasset" 246
"../../../LD35Warmup/Content/GTFreeMaterials/Materials/Ground_GrassThickGreen.uasset" 247
"../../../LD35Warmup/Content/GTFreeMaterials/Textures/Ground_guiFloodedMud/Ground_guiFloodedMud_2k_alb.uasset" 248
"../../../LD35Warmup/Content/GTFreeMaterials/Textures/Ground_guiFloodedMud/Ground_guiFloodedMud_2k_g.uasset" 249
"../../../LD35Warmup/Content/GTFreeMaterials/Textures/Ground_guiFloodedMud/Ground_guiFloodedMud_2k_mask.uasset" 250
"../../../LD35Warmup/Content/GTFreeMaterials/Textures/Ground_guiFloodedMud/Ground_guiFloodedMud_2k_n.uasset" 251
"../../../LD35Warmup/Content/GTFreeMaterials/Materials/Ground_guiFloodedMud.uasset" 252
"../../../LD35Warmup/Content/GTFreeMaterials/Textures/Ground_MuddyGrass/Ground_MuddyGrass_2k_alb.uasset" 253
"../../../LD35Warmup/Content/GTFreeMaterials/Textures/Ground_MuddyGrass/Ground_MuddyGrass_2k_mask.uasset" 254
"../../../LD35Warmup/Content/GTFreeMaterials/Textures/Ground_MuddyGrass/Ground_MuddyGrass_2k_n.uasset" 255
"../../../LD35Warmup/Content/GTFreeMaterials/Textures/Ground_MuddyGrass/Ground_MuddyGrass_2k_s.uasset" 256
"../../../LD35Warmup/Content/GTFreeMaterials/Materials/Ground_MuddyGrass_DRY.uasset" 257
"../../../LD35Warmup/Content/GTFreeMaterials/Materials/Ground_MuddyGrass_WET.uasset" 258
"../../../LD35Warmup/Content/GTFreeMaterials/Textures/Concrete_FlatSurface/Concrete_FlatSurface_2k_alb.uasset" 259
"../../../LD35Warmup/Content/GTFreeMaterials/Textures/Concrete_FlatSurface/Concrete_FlatSurface_2k_n.uasset" 260
"../../../LD35Warmup/Content/GTFreeMaterials/Textures/Concrete_Square/Concrete_Square_2k_ao.uasset" 261
"../../../LD35Warmup/Content/GTFreeMaterials/Textures/wood_JFfantasyWoodPlanksNailedClean/wood_JFfantasyWoodPlanksNailedClean_2k_mask.uasset" 262
"../../../LD35Warmup/Content/GTFreeMaterials/Materials/MasterMaterial.uasset" 263
"../../../LD35Warmup/Content/GTFreeMaterials/Textures/Metal_BrushedCopper/Metal_BrushedCopper_2k_g.uasset" 264
"../../../LD35Warmup/Content/GTFreeMaterials/Textures/Metal_BrushedCopper/Metal_BrushedCopper_2k_n.uasset" 265
"../../../LD35Warmup/Content/GTFreeMaterials/Textures/Metal_BrushedCopper/Metal_BrushedCopper_2k_s.uasset" 266
"../../../LD35Warmup/Content/GTFreeMaterials/Materials/Metal_BrushedCopper.uasset" 267
"../../../LD35Warmup/Content/GTFreeMaterials/Textures/Metal_BrushedSteel/Metal_BrushedSteel_2k_g.uasset" 268
"../../../LD35Warmup/Content/GTFreeMaterials/Textures/Metal_BrushedSteel/Metal_BrushedSteel_2k_n.uasset" 269
"../../../LD35Warmup/Content/GTFreeMaterials/Textures/Metal_BrushedSteel/Metal_BrushedSteel_2k_s.uasset" 270
"../../../LD35Warmup/Content/GTFreeMaterials/Materials/Metal_BrushedSteel.uasset" 271
"../../../LD35Warmup/Content/GTFreeMaterials/Textures/Metal_CyberCube/Metal_CyberCube_2k_ao.uasset" 272
"../../../LD35Warmup/Content/GTFreeMaterials/Textures/Metal_CyberCube/Metal_CyberCube_2k_g.uasset" 273
"../../../LD35Warmup/Content/GTFreeMaterials/Textures/Metal_CyberCube/Metal_CyberCube_2k_n.uasset" 274
"../../../LD35Warmup/Content/GTFreeMaterials/Textures/Metal_CyberCube/Metal_CyberCube_2k_s.uasset" 275
"../../../LD35Warmup/Content/GTFreeMaterials/Textures/Metal_CyberCube/Metal_CyberCube_2k_t.uasset" 276
"../../../LD35Warmup/Content/GTFreeMaterials/Materials/Metal_CyberCube.uasset" 277
"../../../LD35Warmup/Content/GTFreeMaterials/Textures/Metal_DiamondPlateSciFi/Metal_DiamondPlateSciFi_2k_alb.uasset" 278
"../../../LD35Warmup/Content/GTFreeMaterials/Textures/Metal_DiamondPlateSciFi/Metal_DiamondPlateSciFi_2k_g.uasset" 279
"../../../LD35Warmup/Content/GTFreeMaterials/Textures/Metal_DiamondPlateSciFi/Metal_DiamondPlateSciFi_2k_mask.uasset" 280
"../../../LD35Warmup/Content/GTFreeMaterials/Textures/Metal_DiamondPlateSciFi/Metal_DiamondPlateSciFi_2k_n.uasset" 281
"../../../LD35Warmup/Content/GTFreeMaterials/Textures/Metal_DiamondPlateSciFi/Metal_DiamondPlateSciFi_2k_s.uasset" 282
"../../../LD35Warmup/Content/GTFreeMaterials/Materials/Metal_DiamondPlateSciFi.uasset" 283
"../../../LD35Warmup/Content/GTFreeMaterials/Textures/Metal_Gold/Metal_Gold_2k_g.uasset" 284
"../../../LD35Warmup/Content/GTFreeMaterials/Textures/Metal_Gold/Metal_Gold_2k_s.uasset" 285
"../../../LD35Warmup/Content/GTFreeMaterials/Materials/Metal_Gold.uasset" 286
"../../../LD35Warmup/Content/GTFreeMaterials/Textures/Metal_LeadRough/Metal_LeadRough_2k_alb.uasset" 287
"../../../LD35Warmup/Content/GTFreeMaterials/Textures/Metal_LeadRough/Metal_LeadRough_2k_g.uasset" 288
"../../../LD35Warmup/Content/GTFreeMaterials/Textures/Metal_LeadRough/Metal_LeadRough_2k_n.uasset" 289
"../../../LD35Warmup/Content/GTFreeMaterials/Textures/Metal_LeadRough/Metal_LeadRough_2k_s.uasset" 290
"../../../LD35Warmup/Content/GTFreeMaterials/Materials/Metal_LeadRough.uasset" 291
"../../../LD35Warmup/Content/GTFreeMaterials/Textures/4ChannelGrunge.uasset" 292
"../../../LD35Warmup/Content/GTFreeMaterials/Textures/Metal_ReinforcedGridWall/Metal_ReinforcedGridWall_2k_ao.uasset" 293
"../../../LD35Warmup/Content/GTFreeMaterials/Textures/Metal_ReinforcedGridWall/Metal_ReinforcedGridWall_2k_g.uasset" 294
"../../../LD35Warmup/Content/GTFreeMaterials/Textures/Metal_ReinforcedGridWall/Metal_ReinforcedGridWall_2k_mask.uasset" 295
"../../../LD35Warmup/Content/GTFreeMaterials/Textures/Metal_ReinforcedGridWall/Metal_ReinforcedGridWall_2k_n.uasset" 296
"../../../LD35Warmup/Content/GTFreeMaterials/Textures/Metal_ReinforcedGridWall/Metal_ReinforcedGridWall_2k_s.uasset" 297
"../../../LD35Warmup/Content/GTFreeMaterials/Materials/Metal_ReinforcedGridWall.uasset" 298
"../../../LD35Warmup/Content/GTFreeMaterials/Textures/Metal_RustedSolid/Metal_RustedSolid_2k_g.uasset" 299
"../../../LD35Warmup/Content/GTFreeMaterials/Textures/Metal_RustedSolid/Metal_RustedSolid_2k_n.uasset" 300
"../../../LD35Warmup/Content/GTFreeMaterials/Textures/Metal_RustedSolid/Metal_RustedSolid_2k_s.uasset" 301
"../../../LD35Warmup/Content/GTFreeMaterials/Materials/Metal_RustedSolid.uasset" 302
"../../../LD35Warmup/Content/GTFreeMaterials/Textures/Metal_sciFiCurveyWall/Metal_sciFiCurveyWall_2k_ao.uasset" 303
"../../../LD35Warmup/Content/GTFreeMaterials/Textures/Metal_sciFiCurveyWall/Metal_sciFiCurveyWall_2k_g.uasset" 304
"../../../LD35Warmup/Content/GTFreeMaterials/Textures/Metal_sciFiCurveyWall/Metal_sciFiCurveyWall_2k_mask.uasset" 305
"../../../LD35Warmup/Content/GTFreeMaterials/Textures/Metal_sciFiCurveyWall/Metal_sciFiCurveyWall_2k_n.uasset" 306
"../../../LD35Warmup/Content/GTFreeMaterials/Textures/Metal_sciFiCurveyWall/Metal_sciFiCurveyWall_2k_s.uasset" 307
"../../../LD35Warmup/Content/GTFreeMaterials/Materials/Metal_sciFiCurveyWall.uasset" 308
"../../../LD35Warmup/Content/GTFreeMaterials/Textures/misc_WoodenCrate/misc_WoodenCrate_2k_alb2.uasset" 309
"../../../LD35Warmup/Content/GTFreeMaterials/Textures/misc_WoodenCrate/misc_WoodenCrate_2k_ao.uasset" 310
"../../../LD35Warmup/Content/GTFreeMaterials/Textures/misc_WoodenCrate/misc_WoodenCrate_2k_g.uasset" 311
"../../../LD35Warmup/Content/GTFreeMaterials/Textures/misc_WoodenCrate/misc_WoodenCrate_2k_h.uasset" 312
"../../../LD35Warmup/Content/GTFreeMaterials/Textures/misc_WoodenCrate/misc_WoodenCrate_2k_mask.uasset" 313
"../../../LD35Warmup/Content/GTFreeMaterials/Textures/misc_WoodenCrate/misc_WoodenCrate_2k_n.uasset" 314
"../../../LD35Warmup/Content/GTFreeMaterials/Materials/misc_WoodenCrate.uasset" 315
"../../../LD35Warmup/Content/GTFreeMaterials/Textures/Rock_HoleyWall/Rock_HoleyWall_2k_alb2.uasset" 316
"../../../LD35Warmup/Content/GTFreeMaterials/Textures/Rock_HoleyWall/Rock_HoleyWall_2k_ao.uasset" 317
"../../../LD35Warmup/Content/GTFreeMaterials/Textures/Rock_HoleyWall/Rock_HoleyWall_2k_g.uasset" 318
"../../../LD35Warmup/Content/GTFreeMaterials/Textures/Rock_HoleyWall/Rock_HoleyWall_2k_h.uasset" 319
"../../../LD35Warmup/Content/GTFreeMaterials/Textures/Rock_HoleyWall/Rock_HoleyWall_2k_n.uasset" 320
"../../../LD35Warmup/Content/GTFreeMaterials/Materials/Rock_HoleyWall.uasset" 321
"../../../LD35Warmup/Content/GTFreeMaterials/Textures/Rock_JaggedCaveWall/Rock_JaggedCaveWall_2k_alb.uasset" 322
"../../../LD35Warmup/Content/GTFreeMaterials/Textures/Rock_JaggedCaveWall/Rock_JaggedCaveWall_2k_g.uasset" 323
"../../../LD35Warmup/Content/GTFreeMaterials/Textures/Rock_JaggedCaveWall/Rock_JaggedCaveWall_2k_h.uasset" 324
"../../../LD35Warmup/Content/GTFreeMaterials/Textures/Rock_JaggedCaveWall/Rock_JaggedCaveWall_2k_n.uasset" 325
"../../../LD35Warmup/Content/GTFreeMaterials/Materials/Rock_JaggedCaveWall.uasset" 326
"../../../LD35Warmup/Content/GTFreeMaterials/Textures/Tile_Coloredtiles/Tile_ColoredTiles_2k_alb1.uasset" 327
"../../../LD35Warmup/Content/GTFreeMaterials/Textures/Tile_Coloredtiles/Tile_ColoredTiles_2k_g.uasset" 328
"../../../LD35Warmup/Content/GTFreeMaterials/Textures/Tile_Coloredtiles/Tile_ColoredTiles_2k_mask.uasset" 329
"../../../LD35Warmup/Content/GTFreeMaterials/Textures/Tile_Coloredtiles/Tile_ColoredTiles_2k_n.uasset" 330
"../../../LD35Warmup/Content/GTFreeMaterials/Materials/Tile_Coloredtiles.uasset" 331
"../../../LD35Warmup/Content/GTFreeMaterials/Textures/Tile_WoodAndTileOffsetPattern/Tile_WoodAndTileOffsetPattern_2k_alb.uasset" 332
"../../../LD35Warmup/Content/GTFreeMaterials/Textures/Tile_WoodAndTileOffsetPattern/Tile_WoodAndTileOffsetPattern_2k_mask.uasset" 333
"../../../LD35Warmup/Content/GTFreeMaterials/Textures/Tile_WoodAndTileOffsetPattern/Tile_WoodAndTileOffsetPattern_2k_n.uasset" 334
"../../../LD35Warmup/Content/GTFreeMaterials/Textures/Tile_WoodAndTileOffsetPattern/Tile_WoodAndTileOffsetPattern_2k_s.uasset" 335
"../../../LD35Warmup/Content/GTFreeMaterials/Materials/Tile_WoodAndTileOffsetPattern.uasset" 336
"../../../LD35Warmup/Content/GTFreeMaterials/Textures/Wood_GeofwoodenPlankClean/Wood_GeofwoodenPlankClean_2k_ao.uasset" 337
"../../../LD35Warmup/Content/GTFreeMaterials/Textures/Wood_GeofwoodenPlankClean/Wood_GeofwoodenPlankClean_2k_d.uasset" 338
"../../../LD35Warmup/Content/GTFreeMaterials/Textures/Wood_GeofwoodenPlankClean/Wood_GeofwoodenPlankClean_2k_n.uasset" 339
"../../../LD35Warmup/Content/GTFreeMaterials/Materials/Wood_GeofwoodenPlankClean.uasset" 340
"../../../LD35Warmup/Content/GTFreeMaterials/Textures/Wood_InterlockingFloor/Wood_InterlockingFloor_2k_alb1.uasset" 341
"../../../LD35Warmup/Content/GTFreeMaterials/Textures/Wood_InterlockingFloor/Wood_InterlockingFloor_2k_ao.uasset" 342
"../../../LD35Warmup/Content/GTFreeMaterials/Textures/Wood_InterlockingFloor/Wood_InterlockingFloor_2k_g.uasset" 343
"../../../LD35Warmup/Content/GTFreeMaterials/Textures/Wood_InterlockingFloor/Wood_InterlockingFloor_2k_n.uasset" 344
"../../../LD35Warmup/Content/GTFreeMaterials/Materials/Wood_InterlockingFloor.uasset" 345
"../../../LD35Warmup/Content/GTFreeMaterials/Textures/Brick_chicagoStyle/Brick_chicagoStyle_2k_alb.uasset" 346
"../../../LD35Warmup/Content/GTFreeMaterials/Textures/Brick_chicagoStyle/Brick_chicagoStyle_2k_ao.uasset" 347
"../../../LD35Warmup/Content/GTFreeMaterials/Textures/Brick_chicagoStyle/Brick_chicagoStyle_2k_h.uasset" 348
"../../../LD35Warmup/Content/GTFreeMaterials/Textures/Brick_chicagoStyle/Brick_chicagoStyle_2k_n.uasset" 349
"../../../LD35Warmup/Content/GTFreeMaterials/Materials/Brick_chicagoStyle.uasset" 350
"../../../LD35Warmup/Content/GTFreeMaterials/Materials/Concrete_FlatSurface.uasset" 351
"../../../LD35Warmup/Content/GTFreeMaterials/Textures/wood_JFfantasyWoodPlanksNailedClean/wood_JFfantasyWoodPlanksNailedClean_2k_alb.uasset" 352
"../../../LD35Warmup/Content/GTFreeMaterials/Textures/wood_JFfantasyWoodPlanksNailedClean/wood_JFfantasyWoodPlanksNailedClean_2k_h.uasset" 353
"../../../LD35Warmup/Content/GTFreeMaterials/Textures/wood_JFfantasyWoodPlanksNailedClean/wood_JFfantasyWoodPlanksNailedClean_2k_n.uasset" 354
"../../../LD35Warmup/Content/GTFreeMaterials/Materials/wood_JFfantasyWoodPlanksNailedClean.uasset" 355
"../../../Engine/Content/EditorMeshes/EditorSphere.uasset" 356
"../../../LD35Warmup/Content/GTFreeMaterials/Showcase.umap" 357
"../../../LD35Warmup/Content/StarterContent/Blueprints/Assets/FogBrightnessLUT.uasset" 358
"../../../LD35Warmup/Content/StarterContent/Blueprints/Assets/SunlightColorLUT.uasset" 359
"../../../LD35Warmup/Content/StarterContent/Blueprints/Assets/M_LightStage_Arrows.uasset" 360
"../../../Engine/Content/MapTemplates/Sky/DaylightAmbientCubemap.uasset" 361
"../../../LD35Warmup/Content/StarterContent/Blueprints/Assets/M_LightStage_Skybox_Master.uasset" 362
"../../../LD35Warmup/Content/StarterContent/Blueprints/Assets/M_LightStage_Skybox_Black.uasset" 363
"../../../LD35Warmup/Content/StarterContent/Blueprints/Assets/M_LightStage_Skybox_HDRI.uasset" 364
"../../../Engine/Content/EditorMaterials/Thumbnails/SkySphereMaterial.uasset" 365
"../../../LD35Warmup/Content/StarterContent/Blueprints/Assets/Skybox.uasset" 366
"../../../LD35Warmup/Content/StarterContent/Blueprints/Assets/SM_Arrows.uasset" 367
"../../../LD35Warmup/Content/StarterContent/HDRI/HDRI_Epic_Courtyard_Daylight.uasset" 368
"../../../LD35Warmup/Content/StarterContent/Blueprints/BP_LightStudio.uasset" 369
"../../../LD35Warmup/Content/StarterContent/Materials/M_AssetPlatform.uasset" 370
"../../../Engine/Content/EditorMeshes/ColorCalibrator/M_ChromeBall.uasset" 371
"../../../Engine/Content/EditorMeshes/ColorCalibrator/M_ClearCoat.uasset" 372
"../../../Engine/Content/EditorMeshes/ColorCalibrator/M_ClearCoatBlack.uasset" 373
"../../../Engine/Content/EditorMeshes/ColorCalibrator/T_ColorGrid.uasset" 374
"../../../Engine/Content/EditorMeshes/ColorCalibrator/M_ColorGrid.uasset" 375
"../../../Engine/Content/EditorMeshes/ColorCalibrator/M_GreyBall.uasset" 376
"../../../Engine/Content/EditorMeshes/ColorCalibrator/SM_ColorCalibrator.uasset" 377
"../../../LD35Warmup/Content/StarterContent/Architecture/SM_AssetPlatform.uasset" 378
"../../../LD35Warmup/Content/StarterContent/Maps/Advanced_Lighting.umap" 379
"../../../LD35Warmup/Content/StarterContent/Maps/Minimal_Default.umap" 380
"../../../Engine/Content/Functions/MaterialLayerFunctions/MatLayerBlend_AO.uasset" 381
"../../../Engine/Content/Functions/MaterialLayerFunctions/MatLayerBlend_BakedNormal.uasset" 382
"../../../Engine/Content/Functions/MaterialLayerFunctions/MatLayerBlend_Standard.uasset" 383
"../../../LD35Warmup/Content/FirstPerson/Textures/Buttons/T_PaintedMetal01_D.uasset" 384
"../../../LD35Warmup/Content/FirstPerson/Textures/Buttons/T_PaintedMetal01_N.uasset" 385
"../../../LD35Warmup/Content/FirstPerson/Textures/Buttons/ML_COG_Metal_Base_Light.uasset" 386
"../../../LD35Warmup/Content/FirstPerson/Textures/Buttons/T_Metal_Metal03_D.uasset" 387
"../../../LD35Warmup/Content/FirstPerson/Textures/Buttons/T_Metal_Metal03_N.uasset" 388
"../../../LD35Warmup/Content/FirstPerson/Textures/Buttons/ML_YellowMetal_Painted.uasset" 389
"../../../LD35Warmup/Content/FirstPerson/Textures/Buttons/T_COG_Underground_Console_Panel_Bits_M.uasset" 390
"../../../LD35Warmup/Content/FirstPerson/Textures/Buttons/T_COG_Underground_Console_Panel_Bits_N.uasset" 391
"../../../LD35Warmup/Content/FirstPerson/Textures/Buttons/M_COG_Underground_Console_Panel_Bits.uasset" 392
"../../../LD35Warmup/Content/FirstPerson/Audio/Blueprints_ButtonPush01.uasset" 393
"../../../LD35Warmup/Content/FirstPerson/Audio/GlassBreak.uasset" 394
"../../../LD35Warmup/Content/FirstPerson/Meshes/SM_Cog_Underground_Console_Panel_Button.uasset" 395
"../../../LD35Warmup/Content/FirstPerson/Meshes/SM_Cog_Underground_Console_Panel_Button_Base01.uasset" 396
"../../../LD35Warmup/Content/FirstPersonBP/Blueprints/BP_Security_Screen_Button.uasset" 397
"../../../LD35Warmup/Content/FirstPerson/Audio/Key.uasset" 398
"../../../LD35Warmup/Content/FirstPerson/Meshes/Key.uasset" 399
"../../../LD35Warmup/Content/FirstPersonBP/Blueprints/BP_Key.uasset" 400
"../../../LD35Warmup/Content/FirstPerson/Audio/open_creaky_door.uasset" 401
"../../../LD35Warmup/Content/StarterContent/Textures/T_Door_M.uasset" 402
"../../../LD35Warmup/Content/StarterContent/Textures/T_Door_N.uasset" 403
"../../../LD35Warmup/Content/StarterContent/Props/Materials/M_Door.uasset" 404
"../../../LD35Warmup/Content/FirstPerson/Meshes/SM_Door2.uasset" 405
"../../../LD35Warmup/Content/FirstPersonBP/Blueprints/BP_DDoor.uasset" 406
"../../../LD35Warmup/Content/FirstPerson/Textures/M_Glass.uasset" 407
"../../../LD35Warmup/Content/Geometry/Meshes/Glass_panel.uasset" 408
"../../../LD35Warmup/Content/Geometry/Meshes/Glass_panel_DM.uasset" 409
"../../../LD35Warmup/Content/FirstPersonBP/Blueprints/BP_GlassPanel_DM.uasset" 410
"../../../Engine/Content/Functions/MaterialLayerFunctions/MatLayerBlend_NormalBlend.uasset" 411
"../../../Engine/Content/Functions/MaterialLayerFunctions/MatLayerBlend_Simple.uasset" 412
"../../../LD35Warmup/Content/FirstPerson/Character/Materials/MaterialLayers/T_ML_Rubber_Blue_01_D.uasset" 413
"../../../LD35Warmup/Content/FirstPerson/Character/Materials/MaterialLayers/T_ML_Rubber_Blue_01_N.uasset" 414
"../../../LD35Warmup/Content/FirstPerson/Character/Materials/MaterialLayers/ML_GlossyBlack_Latex_UE4.uasset" 415
"../../../LD35Warmup/Content/FirstPerson/Character/Materials/MaterialLayers/ML_Plastic_Shiny_Beige.uasset" 416
"../../../LD35Warmup/Content/FirstPerson/Character/Textures/UE4_LOGO_CARD.uasset" 417
"../../../LD35Warmup/Content/FirstPerson/Character/Materials/MaterialLayers/ML_Plastic_Shiny_Beige_LOGO.uasset" 418
"../../../LD35Warmup/Content/FirstPerson/Character/Materials/MaterialLayers/T_ML_Aluminum01.uasset" 419
"../../../LD35Warmup/Content/FirstPerson/Character/Materials/MaterialLayers/T_ML_Aluminum01_N.uasset" 420
"../../../LD35Warmup/Content/FirstPerson/Character/Materials/MaterialLayers/ML_SoftMetal_UE4.uasset" 421
"../../../LD35Warmup/Content/FirstPerson/Character/Textures/UE4_Mannequin__normals.uasset" 422
"../../../LD35Warmup/Content/FirstPerson/Character/Textures/UE4_Mannequin_MAT_MASKA.uasset" 423
"../../../LD35Warmup/Content/FirstPerson/Character/Materials/M_UE4Man_Body.uasset" 424
"../../../LD35Warmup/Content/FirstPerson/Character/Mesh/SK_Mannequin_Arms_PhysicsAsset.uasset" 425
"../../../LD35Warmup/Content/FirstPerson/Character/Mesh/SK_Mannequin_Arms.uasset" 426
"../../../LD35Warmup/Content/FirstPerson/Character/Mesh/SK_Mannequin_Arms_Skeleton.uasset" 427
"../../../LD35Warmup/Content/FirstPerson/Animations/FirstPerson_Idle.uasset" 428
"../../../LD35Warmup/Content/FirstPerson/Animations/FirstPerson_JumpEnd.uasset" 429
"../../../LD35Warmup/Content/FirstPerson/Animations/FirstPerson_JumpLoop.uasset" 430
"../../../LD35Warmup/Content/FirstPerson/Animations/FirstPerson_JumpStart.uasset" 431
"../../../LD35Warmup/Content/FirstPerson/Animations/FirstPerson_Run.uasset" 432
"../../../LD35Warmup/Content/FirstPerson/Animations/FirstPerson_AnimBP.uasset" 433
"../../../LD35Warmup/Content/FirstPerson/Animations/FirstPerson_Fire.uasset" 434
"../../../LD35Warmup/Content/FirstPerson/Animations/FirstPersonFire_Montage.uasset" 435
"../../../LD35Warmup/Content/FirstPerson/Meshes/BaseMaterial.uasset" 436
"../../../LD35Warmup/Content/FirstPerson/Meshes/FirstPersonProjectileMaterial.uasset" 437
"../../../LD35Warmup/Content/FirstPerson/Meshes/FirstPersonProjectileMesh.uasset" 438
"../../../LD35Warmup/Content/FirstPersonBP/Blueprints/FirstPersonProjectile.uasset" 439
"../../../LD35Warmup/Content/FirstPerson/Audio/FirstPersonTemplateWeaponFire02.uasset" 440
"../../../LD35Warmup/Content/FirstPerson/Audio/YaQuelqun.uasset" 441
"../../../LD35Warmup/Content/FirstPerson/Character/Mesh/torch_Skeleton.uasset" 442
"../../../LD35Warmup/Content/FirstPerson/Character/Mesh/torch.uasset" 443
"../../../LD35Warmup/Content/FirstPersonBP/Blueprints/FirstPersonCharacter.uasset" 444
"../../../LD35Warmup/Content/FirstPerson/Font/Legend_M54.uasset" 445
"../../../LD35Warmup/Content/FirstPerson/Textures/FirstPersonCrosshair.uasset" 446
"../../../LD35Warmup/Content/FirstPersonBP/Blueprints/FirstPersonHUD.uasset" 447
"../../../LD35Warmup/Content/FirstPerson/Textures/TextMaterialOpaqueNonLumineux.uasset" 448
"../../../Engine/Content/EngineMaterials/DefaultMaterial.uasset" 449
"../../../Engine/Content/MapTemplates/SM_Template_Map_Floor.uasset" 450
"../../../LD35Warmup/Content/FirstPerson/Audio/Door_opening.uasset" 451
"../../../LD35Warmup/Content/FirstPerson/Audio/Door_opening_Cue2.uasset" 452
"../../../LD35Warmup/Content/FirstPersonBP/Maps/Level1.umap" 453
"../../../Engine/Content/EngineMaterials/DefaultDiffuse.uasset" 454
"../../../Engine/Content/EngineMaterials/DefaultNormal.uasset" 455
"../../../Engine/Content/Maps/Entry.umap" 456
"../../../Engine/Content/EngineFonts/Roboto.uasset" 457
"../../../Engine/Content/Functions/Engine_MaterialFunctions01/Shading/PowerToRoughness.uasset" 458
"../../../Engine/Content/Functions/Engine_MaterialFunctions01/Shading/ConvertFromDiffSpec.uasset" 459
"../../../Engine/Content/EngineMaterials/DefaultDeferredDecalMaterial.uasset" 460
"../../../Engine/Content/EngineMaterials/DefaultLightFunctionMaterial.uasset" 461
"../../../Engine/Content/Functions/Engine_MaterialFunctions02/Utility/BreakOutFloat2Components.uasset" 462
"../../../Engine/Content/EngineMaterials/DefaultPostProcessMaterial.uasset" 463
"../../../Engine/Content/EngineResources/DefaultTexture.uasset" 464
"../../../Engine/Content/Functions/Engine_MaterialFunctions02/Texturing/ScreenAlignedUVs.uasset" 465
"../../../Engine/Content/EngineResources/WhiteSquareTexture.uasset" 466
"../../../Engine/Content/EngineMaterials/Widget3DPassThrough.uasset" 467
"../../../Engine/Content/EngineMaterials/Widget3DPassThrough_Translucent.uasset" 468
"../../../Engine/Content/EngineMaterials/Widget3DPassThrough_Translucent_OneSided.uasset" 469
"../../../Engine/Content/EngineMaterials/Widget3DPassThrough_Opaque.uasset" 470
"../../../Engine/Content/EngineMaterials/Widget3DPassThrough_Opaque_OneSided.uasset" 471
"../../../Engine/Content/EngineMaterials/Widget3DPassThrough_Masked.uasset" 472
"../../../Engine/Content/EngineMaterials/Widget3DPassThrough_Masked_OneSided.uasset" 473
"../../../Engine/Content/EditorResources/S_Actor.uasset" 474
"../../../Engine/Content/Maps/Templates/Thumbnails/Default.uasset" 475
"../../../Engine/Content/EditorMaterials/ParticleSystems/PSysThumbnail_NoImage.uasset" 476
"../../../Engine/Content/EditorMaterials/ParticleSystems/PSysThumbnail_OOD.uasset" 477
"../../../Engine/Content/EditorLandscapeResources/DataLayer.uasset" 478
"../../../Engine/Content/EngineDamageTypes/DmgTypeBP_Environmental.uasset" 479
"../../../Engine/Content/EngineMeshes/Sphere.uasset" 480
"../../../Engine/Content/EngineMaterials/DefaultTextMaterialOpaque.uasset" 481
"../../../Engine/Content/EditorResources/S_Trigger.uasset" 482
"../../../Engine/Content/EngineResources/GradientTexture0.uasset" 483
"../../../Engine/Content/EngineResources/Black.uasset" 484
"../../../Engine/Content/EditorMaterials/MatineeGroups/MAT_Groups_Float.uasset" 485
"../../../Engine/Content/EditorMaterials/MatineeGroups/MAT_Groups_Director.uasset" 486
"../../../Engine/Content/EditorMaterials/MatineeGroups/MAT_Groups_Event.uasset" 487
"../../../Engine/Content/EditorMaterials/MatineeGroups/MAT_Groups_Anim.uasset" 488
"../../../Engine/Content/EditorMaterials/MatineeGroups/MAT_Groups_Fade.uasset" 489
"../../../Engine/Content/EditorMaterials/MatineeGroups/MAT_Groups_Move.uasset" 490
"../../../Engine/Content/EditorMaterials/MatineeGroups/MAT_Groups_Slomo.uasset" 491
"../../../Engine/Content/EditorMaterials/MatineeGroups/MAT_ColorTrack.uasset" 492
"../../../Engine/Content/EditorMaterials/MAT_Groups_Toggle.uasset" 493
"../../../Engine/Content/EditorMaterials/MatineeGroups/MAT_Groups_AudioMaster.uasset" 494
"../../../Engine/Content/EditorMaterials/MatineeGroups/MAT_Groups_Sound.uasset" 495
"../../../Engine/Content/EditorMaterials/MatineeGroups/MAT_Groups_Vector.uasset" 496
"../../../Engine/Content/EditorMaterials/MAT_Groups_Visibility.uasset" 497
"../../../Engine/Content/EngineResources/DefaultTextureCube.uasset" 498
"../../../Engine/Content/EngineMeshes/Cylinder.uasset" 499
"../../../Engine/Content/EngineTireTypes/DefaultTireType.uasset" 500
"../../../Engine/Content/EngineResources/AICON-Red.uasset" 501
"../../../Engine/Content/EngineResources/AICON-Green.uasset" 502
"../../../Engine/Content/Tutorial/Basics/TutorialAssets/icon_tab_Levels_40x.uasset" 503
"../../../Engine/Content/Tutorial/Basics/LevelEditorOverview.uasset" 504
"../../../Engine/Content/Tutorial/BlueprintTutorials/TutorialAssets/Blueprint_64x.uasset" 505
"../../../Engine/Content/Tutorial/BlueprintTutorials/BlueprintEditorTutorial.uasset" 506
"../../../Engine/Content/Tutorial/Installation/InstallingVisualStudioTutorial.uasset" 507
"../../../Engine/Content/Tutorial/Basics/LevelEditorAttract.uasset" 508
"../../../Engine/Content/Tutorial/Landscape/TutorialAssets/Landscape.uasset" 509
"../../../Engine/Content/Tutorial/Landscape/Landscape_Painting_Mode.uasset" 510
"../../../Engine/Content/Tutorial/Landscape/Landscape_Sculpt_Mode.uasset" 511
"../../../Engine/Content/Tutorial/Landscape/Landscape_Manage_Mode.uasset" 512
"../../../Engine/Content/Tutorial/Foliage/TutorialAssets/Foliage.uasset" 513
"../../../Engine/Content/Tutorial/Foliage/Foliage_Settings_Tutorial.uasset" 514
"../../../Engine/Content/Tutorial/Foliage/Foliage_Using_The_Tool_Tutorial.uasset" 515
"../../../Engine/Content/Tutorial/Foliage/Foliage_Intro_Tutorial.uasset" 516
"../../../Engine/Content/Tutorial/ContentIntroCurve.uasset" 517
"../../../Engine/Plugins/2D/Paper2D/Content/PlaceholderTextures/DummySpriteTexture.uasset" 518
"../../../Engine/Plugins/2D/Paper2D/Content/DefaultSpriteMaterial.uasset" 519
"../../../Engine/Plugins/2D/Paper2D/Content/MaskedUnlitSpriteMaterial.uasset" 520
"../../../Engine/Plugins/2D/Paper2D/Content/OpaqueUnlitSpriteMaterial.uasset" 521
"../../../Engine/Plugins/2D/Paper2D/Content/DummySpriteTexture.uasset" 522
"../../../Engine/Plugins/2D/Paper2D/Content/DummySprite.uasset" 523
"../../../Engine/Plugins/2D/Paper2D/Content/DefaultPaperTerrainMaterial.uasset" 524
"../../../Engine/Plugins/Runtime/LeapMotionController/Content/LM_CapsuleMesh.uasset" 525
"../../../Engine/Plugins/Runtime/LeapMotionController/Content/LM_TorusMesh.uasset" 526
"../../../Engine/Plugins/Runtime/LeapMotionController/Content/LM_HandColor.uasset" 527
"../../../Engine/Plugins/Runtime/LeapMotionController/Content/LM_SampleDistortion.uasset" 528
"../../../Engine/Plugins/Runtime/LeapMotionController/Content/LM_TestTexture.uasset" 529
"../../../Engine/Plugins/Runtime/LeapMotionController/Content/LM_PassthroughMaterial.uasset" 530
"../../../Engine/Content/BasicShapes/Cube.uasset" 531
"../../../Engine/Content/EngineMaterials/RemoveSurfaceMaterial.uasset" 532
"../../../Engine/Content/EngineDebugMaterials/DebugMeshMaterial.uasset" 533
"../../../Engine/Content/EngineMaterials/InvalidLightmapSettings.uasset" 534
"../../../Engine/Content/EngineMaterials/M_InvalidLightmapSettings.uasset" 535
"../../../Engine/Content/EditorMaterials/GizmoMaterial.uasset" 536
"../../../Engine/Content/EngineMaterials/Good64x64TilingNoiseHighFreq.uasset" 537
"../../../Engine/Content/EngineMaterials/DefaultBokeh.uasset" 538
"../../../Engine/Content/EngineMaterials/PreintegratedSkinBRDF.uasset" 539
"../../../Engine/Content/EngineMaterials/MiniFont.uasset" 540
"../../../Engine/Content/EngineMaterials/WeightMapPlaceholderTexture.uasset" 541
"../../../Engine/Content/EngineMaterials/DefaultWhiteGrid.uasset" 542
"../../../Engine/Content/EngineMaterials/DefaultPhysicalMaterial.uasset" 543
"../../../Engine/Content/EngineFonts/RobotoTiny.uasset" 544
"../../../LD35Warmup/Content/Geometry/Meshes/CubeMaterial.uasset" 545
"../../../LD35Warmup/Content/Geometry/Meshes/1M_Cube.uasset" 546
"../../../LD35Warmup/Content/Geometry/Meshes/1M_Cube_Chamfer.uasset" 547
"../../../LD35Warmup/Content/Geometry/Meshes/Room3Box_StaticMesh.uasset" 548
"../../../LD35Warmup/Content/Geometry/Meshes/TemplateFloor.uasset" 549
"../../../LD35Warmup/Content/GTFreeMaterials/Textures/Concrete_Square/Concrete_Square_2k_alb.uasset" 550
"../../../LD35Warmup/Content/GTFreeMaterials/Textures/Concrete_Square/Concrete_Square_2k_n.uasset" 551
"../../../LD35Warmup/Content/GTFreeMaterials/Materials/Concrete_Square.uasset" 552
"../../../LD35Warmup/Content/StarterContent/Shapes/Shape_Cone.uasset" 553
"../../../LD35Warmup/Content/FirstPersonBP/FirstPersonOverview.uasset" 554
"../../../LD35Warmup/Content/StarterContent/Shapes/Shape_WideCapsule.uasset" 555
"../../../LD35Warmup/Content/StarterContent/Shapes/Shape_Wedge_B.uasset" 556
"../../../LD35Warmup/Content/StarterContent/Shapes/Shape_Wedge_A.uasset" 557
"../../../LD35Warmup/Content/StarterContent/Shapes/Shape_Tube.uasset" 558
"../../../LD35Warmup/Content/StarterContent/Shapes/Shape_TriPyramid.uasset" 559
"../../../LD35Warmup/Content/StarterContent/Shapes/Shape_Trim_90_Out.uasset" 560
"../../../LD35Warmup/Content/StarterContent/Shapes/Shape_Trim_90_In.uasset" 561
"../../../LD35Warmup/Content/StarterContent/Shapes/Shape_Trim.uasset" 562
"../../../LD35Warmup/Content/StarterContent/Shapes/Shape_Torus.uasset" 563
"../../../LD35Warmup/Content/StarterContent/Shapes/Shape_Plane.uasset" 564
"../../../LD35Warmup/Content/StarterContent/Shapes/Shape_Pipe_90.uasset" 565
"../../../LD35Warmup/Content/StarterContent/Shapes/Shape_Pipe_180.uasset" 566
"../../../LD35Warmup/Content/StarterContent/Shapes/Shape_Pipe.uasset" 567
"../../../LD35Warmup/Content/StarterContent/Shapes/Shape_NarrowCapsule.uasset" 568
"../../../LD35Warmup/Content/StarterContent/Shapes/Shape_Cylinder.uasset" 569
"../../../LD35Warmup/Content/GTFreeMaterials/Textures/Brick_BathStone/Brick_BathStone_2k_s.uasset" 570
"../../../LD35Warmup/Content/GTFreeMaterials/Textures/Metal_sciFiCurveyWall/Metal_sciFiCurveyWall_2k_alb.uasset" 571
"../../../LD35Warmup/Content/GTFreeMaterials/Textures/Rock_JaggedCaveWall/Rock_JaggedCaveWall_2k_s.uasset" 572
"../../../LD35Warmup/Content/StarterContent/Materials/M_ColorGrid_LowSpec.uasset" 573
"../../../LD35Warmup/Content/FirstPerson/Meshes/CubeMaterialOverride.uasset" 574
"../../../LD35Warmup/Content/GTFreeMaterials/Textures/Ground_guiFloodedMud/Ground_guiFloodedMud_2k_ao.uasset" 575
"../../../LD35Warmup/Content/GTFreeMaterials/Textures/Concrete_Square/Concrete_Square_2k_s.uasset" 576
"../../../Engine/Content/MobileResources/HUD/MobileHUDButton2_off.uasset" 577
"../../../LD35Warmup/Content/FirstPerson/Audio/Door_opening_Cue.uasset" 578
"../../../LD35Warmup/Content/FirstPerson/Audio/Blueprints_ButtonPush01_Cue.uasset" 579
"../../../Engine/Content/MobileResources/HUD/T_Castle_ThumbstickOutter.uasset" 580
"../../../Engine/Content/MobileResources/HUD/MobileHUDDirectionPad2.uasset" 581
"../../../LD35Warmup/Content/FirstPerson/Character/Mesh/01_-_Default.uasset" 582
"../../../LD35Warmup/Content/GTFreeMaterials/Textures/Concrete_FlatSurface/Concrete_FlatSurface_2k_g.uasset" 583
"../../../LD35Warmup/Content/GTFreeMaterials/Textures/Concrete_Square/Concrete_Square_2k_d.uasset" 584
"../../../LD35Warmup/Content/GTFreeMaterials/Textures/brick_ancientDiagonal/brick_ancientDiagonal_2k_s.uasset" 585
"../../../LD35Warmup/Content/GTFreeMaterials/Textures/Wood_GeofwoodenPlankClean/Wood_GeofwoodenPlankClean_2k_h.uasset" 586
"../../../Engine/Content/MobileResources/HUD/MobileHUDButtonFire.uasset" 587
"../../../LD35Warmup/Content/FirstPerson/Audio/GlassBreak_Cue.uasset" 588
"../../../Engine/Content/MobileResources/HUD/T_Castle_ThumbstickInner.uasset" 589
"../../../Engine/Content/MobileResources/HUD/MobileHUDButton3.uasset" 590
"../../../Engine/Content/MobileResources/HUD/MobileHUDButton1_on.uasset" 591
"../../../Engine/Content/MobileResources/HUD/VirtualJoystick_Background.uasset" 592
"../../../Engine/Content/MobileResources/HUD/VirtualJoystick_Thumb.uasset" 593
"../../../Engine/Content/MobileResources/HUD/DefaultVirtualJoysticks.uasset" 594
"../../../Engine/Content/MobileResources/HUD/AnalogHat.uasset" 595
"../../../LD35Warmup/Content/FirstPersonBP/Blueprints/FirstPersonGameMode.uasset" 596
"../../../Engine/Content/EditorResources/EmptyActor.uasset" 597
"../../../Engine/Content/EditorResources/AudioIcons/S_AudioComponent_AutoActivate.uasset" 598
"../../../LD35Warmup/Content/GTFreeMaterials/Textures/Metal_SciFiMetalWalkWayPowered/Metal_SciFiMetalWalkWayPowered_2k_alb.uasset" 599
"../../../LD35Warmup/Content/GTFreeMaterials/Textures/Metal_SciFiMetalWalkWayPowered/Metal_SciFiMetalWalkWayPowered_2k_n.uasset" 600
"../../../LD35Warmup/Content/FirstPerson/Character/Mesh/torch_Plane001_PhysicsAsset.uasset" 601
"../../../LD35Warmup/Content/GTFreeMaterials/Textures/Brick_BathStone/Brick_BathStone_2k_h.uasset" 602
"../../../LD35Warmup/Content/GTFreeMaterials/Textures/wood_JFfantasyWoodPlanksNailedClean/wood_JFfantasyWoodPlanksNailedClean_2k_d.uasset" 603
"../../../LD35Warmup/Content/GTFreeMaterials/Textures/brick_guiGen/brick_guiGen_2k_alb.uasset" 604
"../../../LD35Warmup/Content/GTFreeMaterials/Textures/Tile_WoodAndTileOffsetPattern/Tile_WoodAndTileOffsetPattern_2k_ao.uasset" 605
"../../../LD35Warmup/Content/FirstPerson/Textures/Buttons/T_COG_Underground_Console_Panel_M.uasset" 606
"../../../Engine/Content/Functions/MaterialLayerFunctions/MatLayerBlend_Decal_UV3.uasset" 607
"../../../LD35Warmup/Content/FirstPerson/Textures/Buttons/M_COG_Underground_Console_Panel.uasset" 608
"../../../LD35Warmup/Content/FirstPerson/Meshes/SM_Cog_Underground_Console_Panel_NoButton.uasset" 609
"../../../LD35Warmup/Content/FirstPerson/FPWeapon/Mesh/SK_FPGun_PhysicsAsset.uasset" 610
"../../../LD35Warmup/Content/FirstPerson/FPWeapon/Materials/MaterialLayers/ML_Plastic_Shiny_Beige_LOGO.uasset" 611
"../../../LD35Warmup/Content/GTFreeMaterials/Textures/Metal_SciFiMetalWalkWayPowered/Metal_SciFiMetalWalkWayPowered_2k_g.uasset" 612
"../../../LD35Warmup/Content/GTFreeMaterials/Textures/brick_ancientDiagonal/brick_ancientDiagonal_2k_ao.uasset" 613
"../../../LD35Warmup/Content/GTFreeMaterials/Textures/Brick_chicagoStyle/Brick_chicagoStyle_2k_s.uasset" 614
"../../../LD35Warmup/Content/GTFreeMaterials/Textures/Ground_GrassThickGreen/Ground_GrassThickGreen_2k_ao.uasset" 615
"../../../LD35Warmup/Content/GTFreeMaterials/Textures/Metal_Gold/Metal_Gold_2k_alb.uasset" 616
"../../../LD35Warmup/Content/GTFreeMaterials/Textures/Brick_BathStone/Brick_BathStone_2k_d.uasset" 617
"../../../LD35Warmup/Content/GTFreeMaterials/Textures/Brick_chicagoStyle/Brick_chicagoStyle_2k_d.uasset" 618
"../../../LD35Warmup/Content/GTFreeMaterials/Textures/Ground_MuddyGrass/Ground_MuddyGrass_2k_g.uasset" 619
"../../../LD35Warmup/Content/GTFreeMaterials/Textures/brick_ancientDiagonal/brick_ancientDiagonal_2k_g.uasset" 620
"../../../LD35Warmup/Content/GTFreeMaterials/Textures/Brick_BathStone/Brick_BathStone_2k_g.uasset" 621
"../../../LD35Warmup/Content/GTFreeMaterials/Textures/Ground_DirtBrownTan/Ground_DirtBrownTan_2k_ao.uasset" 622
"../../../LD35Warmup/Content/GTFreeMaterials/Textures/Ground_ClumpySnow/Ground_ClumpySnow_2k_ao.uasset" 623
"../../../Engine/Content/MobileResources/HUD/MobileHUDDirectionPad3.uasset" 624
"../../../LD35Warmup/Content/GTFreeMaterials/Textures/Metal_SciFiMetalWalkWayPowered/Metal_SciFiMetalWalkWayPowered_2k_h.uasset" 625
"../../../LD35Warmup/Content/GTFreeMaterials/Textures/Metal_DiamondPlateSciFi/Metal_DiamondPlateSciFi_2k_ao.uasset" 626
"../../../LD35Warmup/Content/GTFreeMaterials/Textures/brick_ancientDiagonal/brick_ancientDiagonal_2k_h.uasset" 627
"../../../LD35Warmup/Content/GTFreeMaterials/Textures/brick_guiGen/brick_guiGen_2k_g.uasset" 628
"../../../LD35Warmup/Content/GTFreeMaterials/Textures/Ground_ClumpySnow/Ground_ClumpySnow_2k_n.uasset" 629
"../../../LD35Warmup/Content/GTFreeMaterials/Textures/Ground_ClumpySnow/Ground_ClumpySnow_2k_s.uasset" 630
"../../../LD35Warmup/Content/FirstPerson/FPWeapon/Materials/MaterialLayers/T_ML_FineRubber.uasset" 631
"../../../LD35Warmup/Content/GTFreeMaterials/Textures/Concrete_Square/Concrete_Square_2k_g.uasset" 632
"../../../LD35Warmup/Content/GTFreeMaterials/Textures/Ground_guiFloodedMud/Ground_guiFloodedMud_2k_s.uasset" 633
"../../../LD35Warmup/Content/GTFreeMaterials/Textures/Metal_Gold/Metal_Gold_2k_n.uasset" 634
"../../../Engine/Content/MobileResources/HUD/MobileHUDButton2_on.uasset" 635
"../../../LD35Warmup/Content/GTFreeMaterials/Textures/Metal_LeadRough/Metal_LeadRough_2k_h.uasset" 636
"../../../Engine/Content/MobileResources/HUD/MobileHUDDirectionPad.uasset" 637
"../../../LD35Warmup/Content/GTFreeMaterials/Textures/Brick_chicagoStyle/Brick_chicagoStyle_2k_g.uasset" 638
"../../../LD35Warmup/Content/GTFreeMaterials/Textures/Brick_GuiBigCastleWall/Brick_GuiBigCastleWall_2k_g.uasset" 639
"../../../Engine/Content/EditorResources/LightIcons/S_LightError.uasset" 640
"../../../Engine/Content/MobileResources/HUD/LeftVirtualJoystickOnly.uasset" 641
"../../../Engine/Content/MobileResources/T_MobileMenu2.uasset" 642
"../../../LD35Warmup/Content/GTFreeMaterials/Textures/Metal_RustedSolid/Metal_RustedSolid_2k_alb.uasset" 643
"../../../LD35Warmup/Content/GTFreeMaterials/Textures/brick_guiGen/brick_guiGen_2k_h.uasset" 644
"../../../LD35Warmup/Content/GTFreeMaterials/Textures/Metal_BrushedCopper/Metal_BrushedCopper_2k_alb.uasset" 645
"../../../LD35Warmup/Content/GTFreeMaterials/Textures/Ground_MuddyGrass/Ground_MuddyGrass_2k_h.uasset" 646
"../../../LD35Warmup/Content/GTFreeMaterials/Textures/Brick_GuiBigCastleWall/Brick_GuiBigCastleWall_2k_ao.uasset" 647
"../../../Engine/Content/MobileResources/HUD/MobileHUDButton1_off.uasset" 648
"../../../LD35Warmup/Content/GTFreeMaterials/Textures/Metal_sciFiCurveyWall/Metal_sciFiCurveyWall_2k_h.uasset" 649
"../../../LD35Warmup/Content/GTFreeMaterials/Textures/Brick_GuiBigCastleWall/Brick_GuiBigCastleWall_2k_mask.uasset" 650
"../../../LD35Warmup/Content/GTFreeMaterials/Textures/Ground_GrassThickGreen/Ground_GrassThickGreen_2k_s.uasset" 651
"../../../Engine/Content/MobileResources/T_MobileControls_texture.uasset" 652
"../../../LD35Warmup/Content/GTFreeMaterials/Textures/Wood_GeofwoodenPlankClean/Wood_GeofwoodenPlankClean_2k_s.uasset" 653
"../../../LD35Warmup/Content/GTFreeMaterials/Textures/Wood_GeofwoodenPlankClean/Wood_GeofwoodenPlankClean_2k_g.uasset" 654
"../../../LD35Warmup/Content/GTFreeMaterials/Textures/Metal_SciFiMetalWalkWayPowered/Metal_SciFiMetalWalkWayPowered_2k_ao.uasset" 655
"../../../LD35Warmup/Content/GTFreeMaterials/Textures/Ground_ClumpySnow/Ground_ClumpySnow_2k_d.uasset" 656
"../../../LD35Warmup/Content/GTFreeMaterials/Textures/Metal_SciFiMetalWalkWayPowered/Metal_SciFiMetalWalkWayPowered_2k_s.uasset" 657
"../../../LD35Warmup/Content/GTFreeMaterials/Textures/Ground_Dirt/Ground_Dirt_2k_g.uasset" 658
"../../../LD35Warmup/Content/GTFreeMaterials/Textures/Rock_JaggedCaveWall/Rock_JaggedCaveWall_2k_ao.uasset" 659
"../../../LD35Warmup/Content/GTFreeMaterials/Textures/Ground_ClumpySnow/Ground_ClumpySnow_2k_alb.uasset" 660
"../../../LD35Warmup/Content/FirstPerson/Textures/Buttons/T_COG_Underground_Console_Panel_N.uasset" 661
"../../../LD35Warmup/Content/GTFreeMaterials/Textures/Metal_sciFiCurveyWall/Metal_sciFiCurveyWall_2k_d.uasset" 662
"../../../LD35Warmup/Content/GTFreeMaterials/Textures/Brick_GuiBigCastleWall/Brick_GuiBigCastleWall_2k_d.uasset" 663
"../../../LD35Warmup/Content/GTFreeMaterials/Textures/Metal_SciFiMetalWalkWayPowered/Metal_SciFiMetalWalkWayPowered_2k_mask.uasset" 664
"../../../LD35Warmup/Content/GTFreeMaterials/Textures/Ground_ClumpySnow/Ground_ClumpySnow_2k_g.uasset" 665
"../../../LD35Warmup/Content/GTFreeMaterials/Textures/Ground_DirtBrownTan/Ground_DirtBrownTan_2k_s.uasset" 666
"../../../LD35Warmup/Content/GTFreeMaterials/Textures/Concrete_FlatSurface/Concrete_FlatSurface_2k_s.uasset" 667
"../../../LD35Warmup/Content/GTFreeMaterials/Textures/Ground_MuddyGrass/Ground_MuddyGrass_2k_ao.uasset" 668
"../../../LD35Warmup/Content/GTFreeMaterials/Textures/brick_ancientDiagonal/brick_ancientDiagonal_2k_d.uasset" 669
"../../../Engine/Content/EditorResources/AudioIcons/S_AudioComponent.uasset" 670
"../../../Engine/Content/EditorMaterials/PhAT_JointLimitMaterial.uasset" 671
"../../../Engine/Content/EditorMaterials/PreviewShadowIndicator.uasset" 672
"../../../Engine/Content/EditorMaterials/PreviewShadowIndicatorMaterial.uasset" 673
"../../../Engine/Content/EditorResources/BSPVertex.uasset" 674
"../../../Engine/Content/EngineDebugMaterials/HeatmapGradient.uasset" 675
"../../../Engine/Content/EngineDebugMaterials/BoneWeightMaterial.uasset" 676
"../../../Engine/Content/EngineDebugMaterials/GeomMaterial.uasset" 677
"../../../Engine/Content/EngineMaterials/EditorBrushMaterial.uasset" 678
"../../../Engine/Content/MobileResources/HUD/MobileHUDDirectionStick.uasset" 679
"../../../Engine/Content/Tutorial/BlueprintTutorials/TutorialAssets/BlueprintInterface_64x.uasset" 680
"../../../Engine/Content/Tutorial/BlueprintTutorials/TutorialAssets/Tutorial_BP_Interface.uasset" 681
"../../../Engine/Content/Tutorial/BlueprintTutorials/BlueprintInterfacesEditorOverview.uasset" 682
"../../../Engine/Content/Tutorial/BlueprintTutorials/TutorialAssets/BlueprintMacroLibrary_64x.uasset" 683
"../../../Engine/Content/Tutorial/BlueprintTutorials/TutorialAssets/Tutorial_BP_MacroLib.uasset" 684
"../../../Engine/Content/Tutorial/BlueprintTutorials/BlueprintMacroLibrariesEditorOverview.uasset" 685
"../../../Engine/Content/Tutorial/BlueprintTutorials/LevelBlueprintEditorOverview.uasset" 686
"../../../Engine/Content/Tutorial/Paper2D/TutorialAssets/Paper2DFlipbook_TutorialIcon.uasset" 687
"../../../Engine/Content/Tutorial/Paper2D/FlipbookEditorTutorial.uasset" 688
"../../../Engine/Content/Tutorial/Paper2D/TutorialAssets/Paper2DSprite_TutorialIcon.uasset" 689
"../../../Engine/Content/Tutorial/Paper2D/SpriteEditorTutorial.uasset" 690
"../../../Engine/Content/EditorMeshes/EditorCube.uasset" 691
"../../../Engine/Content/Tutorial/SubEditors/TutorialAssets/Tutorial_DM.uasset" 692
"../../../Engine/Content/Tutorial/SubEditors/DestructibleMeshEditorTutorial.uasset" 693
"../../../Engine/Content/Tutorial/SubEditors/TutorialAssets/TutorialMaterial.uasset" 694
"../../../Engine/Content/Tutorial/SubEditors/MaterialEditorTutorial.uasset" 695
"../../../Engine/Content/Tutorial/SubEditors/TutorialAssets/T_SmokeSubUV_8X8.uasset" 696
"../../../Engine/Content/Tutorial/SubEditors/TutorialAssets/T_soft_smoke.uasset" 697
"../../../Engine/Content/Tutorial/SubEditors/TutorialAssets/M_smoke_subUV_blackbody.uasset" 698
"../../../Engine/Content/Tutorial/SubEditors/TutorialAssets/TutorialParticleSystem.uasset" 699
"../../../Engine/Content/Tutorial/SubEditors/ParticleSystemEditorTutorial.uasset" 700
"../../../Engine/Content/Tutorial/SubEditors/TutorialAssets/icon_ShowSkeletalMeshes_40x.uasset" 701
"../../../Engine/Content/Tutorial/SubEditors/TutorialAssets/Character/TutorialTPP_Mat.uasset" 702
"../../../Engine/Content/Tutorial/SubEditors/TutorialAssets/Character/TutorialTPP_PhysicsAsset.uasset" 703
"../../../Engine/Content/Tutorial/SubEditors/TutorialAssets/Character/TutorialTPP.uasset" 704
"../../../Engine/Content/Tutorial/SubEditors/TutorialAssets/Character/TutorialTPP_Skeleton.uasset" 705
"../../../Engine/Content/Tutorial/SubEditors/TutorialAssets/Character/Tutorial_Idle.uasset" 706
"../../../Engine/Content/Tutorial/SubEditors/TutorialAssets/Character/Tutorial_Walk_Fwd.uasset" 707
"../../../Engine/Content/Tutorial/SubEditors/TutorialAssets/Character/NewBlendSpace1D.uasset" 708
"../../../Engine/Content/Tutorial/SubEditors/TutorialAssets/Character/TutorialCharacter.uasset" 709
"../../../Engine/Content/Tutorial/SubEditors/TutorialAssets/Character/TutorialTPP_AnimBlueprint.uasset" 710
"../../../Engine/Content/Tutorial/SubEditors/PersonaAnimBlueprintEditorWalkthrough.uasset" 711
"../../../Engine/Content/Tutorial/SubEditors/PersonaAnimEditorWalkthrough.uasset" 712
"../../../Engine/Content/EngineMeshes/Cube.uasset" 713
"../../../Engine/Content/Tutorial/SubEditors/StaticMeshEditorTutorial.uasset" 714
"../../../Engine/Content/Tutorial/SubEditors/TutorialAssets/icon_Editor_Preferences_General_40x.uasset" 715
"../../../LD35Warmup/Content/FirstPersonBP/Blueprints/BP_Door3.uasset" 716
"../../../LD35Warmup/Content/GTFreeMaterials/Textures/Ground_ClumpySnow/Ground_ClumpySnow_2k_h.uasset" 717
"../../../LD35Warmup/Content/GTFreeMaterials/Textures/Metal_BrushedSteel/Metal_BrushedSteel_2k_alb.uasset" 718
"../../../LD35Warmup/Content/GTFreeMaterials/Textures/Wood_InterlockingFloor/Wood_InterlockingFloor_2k_s.uasset" 719
"../../../LD35Warmup/Content/GTFreeMaterials/Textures/wood_JFfantasyWoodPlanksNailedClean/wood_JFfantasyWoodPlanksNailedClean_2k_g.uasset" 720
"../../../LD35Warmup/Content/StarterContent/Architecture/Pillar_50x500.uasset" 721
"../../../LD35Warmup/Content/StarterContent/Architecture/Wall_400x300.uasset" 722
"../../../LD35Warmup/Content/StarterContent/Architecture/Wall_400x400.uasset" 723
"../../../LD35Warmup/Content/StarterContent/Architecture/Wall_500x500.uasset" 724
"../../../LD35Warmup/Content/StarterContent/Architecture/Wall_Door_400x400.uasset" 725
"../../../LD35Warmup/Content/StarterContent/Architecture/Wall_Window_400x400.uasset" 726
"../../../LD35Warmup/Content/StarterContent/Audio/Light01.uasset" 727
"../../../LD35Warmup/Content/StarterContent/Audio/Light01_Cue.uasset" 728
"../../../LD35Warmup/Content/StarterContent/Audio/Light02.uasset" 729
"../../../LD35Warmup/Content/StarterContent/Audio/Light02_Cue.uasset" 730
"../../../LD35Warmup/Content/StarterContent/Audio/Explosion01.uasset" 731
"../../../LD35Warmup/Content/StarterContent/Audio/Explosion02.uasset" 732
"../../../LD35Warmup/Content/StarterContent/Audio/Explosion_Cue.uasset" 733
"../../../LD35Warmup/Content/StarterContent/Textures/T_Burst_M.uasset" 734
"../../../LD35Warmup/Content/StarterContent/Particles/Materials/M_Burst.uasset" 735
"../../../LD35Warmup/Content/StarterContent/Textures/T_Explosion_SubUV.uasset" 736
"../../../LD35Warmup/Content/StarterContent/Particles/Materials/M_explosion_subUV.uasset" 737
"../../../LD35Warmup/Content/StarterContent/Particles/Materials/m_flare_01.uasset" 738
"../../../LD35Warmup/Content/StarterContent/Particles/Materials/M_radial_ramp.uasset" 739
"../../../LD35Warmup/Content/StarterContent/Particles/P_Explosion.uasset" 740
"../../../LD35Warmup/Content/StarterContent/Blueprints/Blueprint_Effect_Explosion.uasset" 741
"../../../LD35Warmup/Content/StarterContent/Textures/T_Bush_D.uasset" 742
"../../../LD35Warmup/Content/StarterContent/Textures/T_Bush_N.uasset" 743
"../../../LD35Warmup/Content/StarterContent/Props/Materials/M_Bush.uasset" 744
"../../../LD35Warmup/Content/StarterContent/Props/SM_Bush.uasset" 745
"../../../LD35Warmup/Content/StarterContent/Props/SM_Couch.uasset" 746
"../../../LD35Warmup/Content/StarterContent/Props/SM_Door.uasset" 747
"../../../LD35Warmup/Content/StarterContent/Props/Materials/M_MaterialSphere.uasset" 748
"../../../LD35Warmup/Content/StarterContent/Props/Materials/M_MaterialSphere_Plain.uasset" 749
"../../../LD35Warmup/Content/StarterContent/Props/SM_MatPreviewMesh_02.uasset" 750
"../../../LD35Warmup/Content/StarterContent/Textures/T_RockMesh_M.uasset" 751
"../../../LD35Warmup/Content/StarterContent/Textures/T_RockMesh_N.uasset" 752
"../../../LD35Warmup/Content/StarterContent/Props/Materials/M_Rock.uasset" 753
"../../../LD35Warmup/Content/StarterContent/Props/SM_Rock.uasset" 754
"../../../LD35Warmup/Content/StarterContent/Textures/T_Shelf_M.uasset" 755
"../../../LD35Warmup/Content/StarterContent/Textures/T_Shelf_N.uasset" 756
"../../../LD35Warmup/Content/StarterContent/Props/Materials/M_Shelf.uasset" 757
"../../../LD35Warmup/Content/StarterContent/Props/SM_Shelf.uasset" 758
"../../../LD35Warmup/Content/StarterContent/Props/SM_Stairs.uasset" 759
